2018-02-15 03:09:41 [-][-][-][error][yii\base\ErrorException:32] yii\base\ErrorException: PHP Startup: Unable to load dynamic library 'C:\php\ext\php_pdo_firebird.dll' - 找不到指定的模块。
 in Unknown:0
Stack trace:
#0 [internal function]: yii\base\ErrorHandler->handleFatalError()
#1 {main}
2018-02-15 03:09:37 [-][-][-][info][application] $_GET = []

$_POST = []

$_FILES = []

$_COOKIE = []

$_SERVER = [
    'ALLUSERSPROFILE' => 'C:\\ProgramData'
    'APPDATA' => 'C:\\Users\\主管坐骑\\AppData\\Roaming'
    'CLASSPATH' => '.;C:\\Program Files\\Java\\jdk1.8.0_91\\lib\\dt.jar;C:\\Program Files\\Java\\jdk1.8.0_91\\lib\\tools.jar;'
    'CommonProgramFiles' => 'C:\\Program Files\\Common Files'
    'CommonProgramFiles(x86)' => 'C:\\Program Files (x86)\\Common Files'
    'CommonProgramW6432' => 'C:\\Program Files\\Common Files'
    'COMPUTERNAME' => 'DESKTOP-77RLRQQ'
    'ComSpec' => 'C:\\windows\\system32\\cmd.exe'
    'C_EM64T_REDIST11' => 'C:\\Program Files (x86)\\Common Files\\Intel\\Shared Files\\cpp\\'
    'FPS_BROWSER_APP_PROFILE_STRING' => 'Internet Explorer'
    'FPS_BROWSER_USER_PROFILE_STRING' => 'Default'
    'GRADLE_HOME' => 'C:\\Program Files\\Java\\gradle-3.5'
    'HOMEDRIVE' => 'C:'
    'HOMEPATH' => '\\Users\\主管坐骑'
    'JAVA_HOME' => 'C:\\Program Files\\Java\\jdk1.8.0_91'
    'LOCALAPPDATA' => 'C:\\Users\\主管坐骑\\AppData\\Local'
    'LOGONSERVER' => '\\\\DESKTOP-77RLRQQ'
    'NUMBER_OF_PROCESSORS' => '4'
    'OneDrive' => 'C:\\Users\\主管坐骑\\OneDrive'
    'OS' => 'Windows_NT'
    'Path' => 'C:\\ProgramData\\Oracle\\Java\\javapath;C:\\Program Files (x86)\\Common Files\\Intel\\Shared Files\\cpp\\bin\\Intel64;C:\\Program Files\\Java\\jdk1.8.0_91\\bin;C:\\windows\\system32;C:\\windows;C:\\windows\\System32\\Wbem;C:\\windows\\System32\\WindowsPowerShell\\v1.0\\;C:\\Program Files (x86)\\Windows Kits\\10\\Windows Performance Toolkit\\;C:\\Program Files\\Java\\jdk1.8.0_91\\bin;C:\\Program Files\\Java\\jdk1.8.0_91\\jre\\bin;C:\\Program Files\\Java\\gradle-3.5/bin;C:\\Program Files\\Git\\cmd;C:\\php;C:\\ProgramData\\ComposerSetup\\bin;C:\\Program Files\\MySQL\\MySQL Utilities 1.6\\;C:\\Apache24\\bin;C:\\Program Files (x86)\\QuickTime\\QTSystem\\;C:\\Users\\主管坐骑\\AppData\\Local\\Microsoft\\WindowsApps;C:\\Users\\主管坐骑\\AppData\\Local\\GitHubDesktop\\bin;C:\\Users\\主管坐骑\\AppData\\Roaming\\Composer\\vendor\\bin'
    'PATHEXT' => '.COM;.EXE;.BAT;.CMD;.VBS;.VBE;.JS;.JSE;.WSF;.WSH;.MSC;.PY'
    'PHP_COMMAND' => 'php.exe'
    'PROCESSOR_ARCHITECTURE' => 'AMD64'
    'PROCESSOR_IDENTIFIER' => 'Intel64 Family 6 Model 60 Stepping 3, GenuineIntel'
    'PROCESSOR_LEVEL' => '6'
    'PROCESSOR_REVISION' => '3c03'
    'ProgramData' => 'C:\\ProgramData'
    'ProgramFiles' => 'C:\\Program Files'
    'ProgramFiles(x86)' => 'C:\\Program Files (x86)'
    'ProgramW6432' => 'C:\\Program Files'
    'PROMPT' => '$P$G'
    'PSModulePath' => 'C:\\Program Files\\WindowsPowerShell\\Modules;C:\\windows\\system32\\WindowsPowerShell\\v1.0\\Modules'
    'PUBLIC' => 'C:\\Users\\Public'
    'SESSIONNAME' => 'Console'
    'SystemDrive' => 'C:'
    'SystemRoot' => 'C:\\windows'
    'TEMP' => 'C:\\Users\\主管坐骑\\AppData\\Local\\Temp'
    'TMP' => 'C:\\Users\\主管坐骑\\AppData\\Local\\Temp'
    'USERDOMAIN' => 'DESKTOP-77RLRQQ'
    'USERDOMAIN_ROAMINGPROFILE' => 'DESKTOP-77RLRQQ'
    'USERNAME' => '主管坐骑'
    'USERPROFILE' => 'C:\\Users\\主管坐骑'
    'windir' => 'C:\\windows'
    'YII_PATH' => 'C:\\Apache24\\htdocs\\new\\'
    'PHP_SELF' => 'C:\\Apache24\\htdocs\\new\\yii'
    'SCRIPT_NAME' => 'C:\\Apache24\\htdocs\\new\\yii'
    'SCRIPT_FILENAME' => 'C:\\Apache24\\htdocs\\new\\yii'
    'PATH_TRANSLATED' => 'C:\\Apache24\\htdocs\\new\\yii'
    'DOCUMENT_ROOT' => ''
    'REQUEST_TIME_FLOAT' => 1518664177.8011
    'REQUEST_TIME' => 1518664177
    'argv' => [
        0 => 'C:\\Apache24\\htdocs\\new\\yii'
        1 => 'migrate'
    ]
    'argc' => 2
]
