2018-02-24 08:58:26 [127.0.0.1][162][opao0u37r40pf63f38fsb1c7hd][error][yii\base\ErrorException:8] yii\base\ErrorException: Use of undefined constant SORT_DESA - assumed 'SORT_DESA' in C:\Apache24\htdocs\new\backend\models\CostNameSearch.php:53
Stack trace:
#0 C:\Apache24\htdocs\new\backend\models\CostNameSearch.php(53): yii\base\ErrorHandler->handleError(8, 'Use of undefine...', 'C:\\Apache24\\htd...', 53, Array)
#1 C:\Apache24\htdocs\new\backend\controllers\CostNameController.php(39): app\models\CostNameSearch->search(Array)
#2 [internal function]: backend\controllers\CostNameController->actionIndex()
#3 C:\Apache24\htdocs\new\vendor\yiisoft\yii2\base\InlineAction.php(57): call_user_func_array(Array, Array)
#4 C:\Apache24\htdocs\new\vendor\yiisoft\yii2\base\Controller.php(157): yii\base\InlineAction->runWithParams(Array)
#5 C:\Apache24\htdocs\new\vendor\yiisoft\yii2\base\Module.php(528): yii\base\Controller->runAction('index', Array)
#6 C:\Apache24\htdocs\new\vendor\yiisoft\yii2\web\Application.php(103): yii\base\Module->runAction('cost-name/index', Array)
#7 C:\Apache24\htdocs\new\vendor\yiisoft\yii2\base\Application.php(386): yii\web\Application->handleRequest(Object(yii\web\Request))
#8 C:\Apache24\htdocs\new\backend\web\index.php(17): yii\base\Application->run()
#9 {main}
2018-02-24 08:58:26 [127.0.0.1][162][opao0u37r40pf63f38fsb1c7hd][info][application] $_GET = []

$_POST = []

$_FILES = []

$_COOKIE = [
    'advanced-backend' => 'opao0u37r40pf63f38fsb1c7hd'
    '_identity-backend' => '3394dc8047d3eea648a4600eaf1daa360b93c8e87ead12446ab59afa84228adaa:2:{i:0;s:17:\"_identity-backend\";i:1;s:16:\"[\"162\",null,900]\";}'
    '_csrf-backend' => '8c17466d17cacae78d681e5426ddbdc67707374cdb77c84eac6626746ad768f6a:2:{i:0;s:13:\"_csrf-backend\";i:1;s:32:\"b0IKsBfKdHS0cOKex0oVzI891a7n8JrI\";}'
]

$_SESSION = [
    '__flash' => []
    '__id' => '162'
    'user' => common\models\User#1
    (
        [yii\db\BaseActiveRecord:_attributes] => [
            'id' => 162
            'company' => 0
            'community' => null
            'real_name' => ' 欧育藓'
            'name' => '欧育藓'
            'role' => 14
            'phone' => null
            'password' => '1YHlsR9b6n+8x3pB0WjZpw=='
            'status' => 1
            'comment' => '财务经理'
            'salt' => '9dfaae344773b97b8f6ac2ac64c62e5a'
            'create_id' => 64
            'create_time' => '2017-03-07 15:38:02'
            'update_time' => '2017-10-18 12:01:34'
            'update_id' => 165
            'new_pd' => 'e10adc3949ba59abbe56e057f20f883e'
            'authKey' => null
        ]
        [yii\db\BaseActiveRecord:_oldAttributes] => [
            'id' => 162
            'company' => 0
            'community' => null
            'real_name' => ' 欧育藓'
            'name' => '欧育藓'
            'role' => 14
            'phone' => null
            'password' => '1YHlsR9b6n+8x3pB0WjZpw=='
            'status' => 1
            'comment' => '财务经理'
            'salt' => '9dfaae344773b97b8f6ac2ac64c62e5a'
            'create_id' => 64
            'create_time' => '2017-03-07 15:38:02'
            'update_time' => '2017-10-18 12:01:34'
            'update_id' => 165
            'new_pd' => 'e10adc3949ba59abbe56e057f20f883e'
            'authKey' => null
        ]
        [yii\db\BaseActiveRecord:_related] => []
        [yii\db\BaseActiveRecord:_relationsDependencies] => []
        [yii\base\Model:_errors] => null
        [yii\base\Model:_validators] => null
        [yii\base\Model:_scenario] => 'default'
        [yii\base\Component:_events] => []
        [yii\base\Component:_eventWildcards] => []
        [yii\base\Component:_behaviors] => []
    )
]

$_SERVER = [
    'REDIRECT_PATH_INFO' => 'cost-name/index'
    'REDIRECT_STATUS' => '200'
    'HTTP_HOST' => 'www.wuye.com'
    'HTTP_CONNECTION' => 'keep-alive'
    'HTTP_CACHE_CONTROL' => 'max-age=0'
    'HTTP_UPGRADE_INSECURE_REQUESTS' => '1'
    'HTTP_USER_AGENT' => 'Mozilla/5.0 (Windows NT 10.0; WOW64) AppleWebKit/537.36 (KHTML, like Gecko) Chrome/64.0.3282.167 Safari/537.36'
    'HTTP_ACCEPT' => 'text/html,application/xhtml+xml,application/xml;q=0.9,image/webp,image/apng,*/*;q=0.8'
    'HTTP_REFERER' => 'http://www.wuye.com/'
    'HTTP_ACCEPT_ENCODING' => 'gzip, deflate'
    'HTTP_ACCEPT_LANGUAGE' => 'zh-CN,zh;q=0.9'
    'HTTP_COOKIE' => 'advanced-backend=opao0u37r40pf63f38fsb1c7hd; _identity-backend=3394dc8047d3eea648a4600eaf1daa360b93c8e87ead12446ab59afa84228adaa%3A2%3A%7Bi%3A0%3Bs%3A17%3A%22_identity-backend%22%3Bi%3A1%3Bs%3A16%3A%22%5B%22162%22%2Cnull%2C900%5D%22%3B%7D; _csrf-backend=8c17466d17cacae78d681e5426ddbdc67707374cdb77c84eac6626746ad768f6a%3A2%3A%7Bi%3A0%3Bs%3A13%3A%22_csrf-backend%22%3Bi%3A1%3Bs%3A32%3A%22b0IKsBfKdHS0cOKex0oVzI891a7n8JrI%22%3B%7D'
    'PATH' => 'C:\\ProgramData\\Oracle\\Java\\javapath;C:\\Program Files (x86)\\Common Files\\Intel\\Shared Files\\cpp\\bin\\Intel64;C:\\Program Files\\Java\\jdk1.8.0_91\\bin;C:\\windows\\system32;C:\\windows;C:\\windows\\System32\\Wbem;C:\\windows\\System32\\WindowsPowerShell\\v1.0\\;C:\\Program Files (x86)\\Windows Kits\\10\\Windows Performance Toolkit\\;C:\\Program Files\\Java\\jdk1.8.0_91\\bin;C:\\Program Files\\Java\\jdk1.8.0_91\\jre\\bin;C:\\Program Files\\Java\\gradle-3.5/bin;C:\\Program Files\\Git\\cmd;C:\\php;C:\\ProgramData\\ComposerSetup\\bin;C:\\Program Files\\MySQL\\MySQL Utilities 1.6\\;C:\\Apache24\\bin;C:\\Program Files (x86)\\QuickTime\\QTSystem\\;C:\\windows\\system32\\config\\systemprofile\\AppData\\Local\\Microsoft\\WindowsApps'
    'SystemRoot' => 'C:\\windows'
    'COMSPEC' => 'C:\\windows\\system32\\cmd.exe'
    'PATHEXT' => '.COM;.EXE;.BAT;.CMD;.VBS;.VBE;.JS;.JSE;.WSF;.WSH;.MSC;.PY'
    'WINDIR' => 'C:\\windows'
    'SERVER_SIGNATURE' => ''
    'SERVER_SOFTWARE' => 'Apache/2.4.29 (Win64) PHP/7.1.4'
    'SERVER_NAME' => 'www.wuye.com'
    'SERVER_ADDR' => '127.0.0.1'
    'SERVER_PORT' => '80'
    'REMOTE_ADDR' => '127.0.0.1'
    'DOCUMENT_ROOT' => 'C:/Apache24/htdocs/new/backend/web'
    'REQUEST_SCHEME' => 'http'
    'CONTEXT_PREFIX' => ''
    'CONTEXT_DOCUMENT_ROOT' => 'C:/Apache24/htdocs/new/backend/web'
    'SERVER_ADMIN' => '8052935015@qq.com'
    'SCRIPT_FILENAME' => 'C:/Apache24/htdocs/new/backend/web/index.php'
    'REMOTE_PORT' => '59882'
    'REDIRECT_URL' => '/cost-name/index'
    'GATEWAY_INTERFACE' => 'CGI/1.1'
    'SERVER_PROTOCOL' => 'HTTP/1.1'
    'REQUEST_METHOD' => 'GET'
    'QUERY_STRING' => ''
    'REQUEST_URI' => '/cost-name/index'
    'SCRIPT_NAME' => '/index.php'
    'PHP_SELF' => '/index.php'
    'REQUEST_TIME_FLOAT' => 1519433906.253
    'REQUEST_TIME' => 1519433906
]
2018-02-24 09:24:58 [127.0.0.1][64][nao1i0s69cl09c16j2vm27ikkj][error][yii\base\ErrorException:256] yii\base\ErrorException: Exception (Unknown Property) 'yii\base\UnknownPropertyException' with message 'Getting unknown property: app\models\UserInvoiceSearch::room.room_number' 

in C:\Apache24\htdocs\new\vendor\yiisoft\yii2\base\Component.php:154

Stack trace:
#0 C:\Apache24\htdocs\new\vendor\yiisoft\yii2\db\BaseActiveRecord.php(295): yii\base\Component->__get('room.room_numbe...')
#1 C:\Apache24\htdocs\new\vendor\yiisoft\yii2\helpers\BaseHtml.php(2188): yii\db\BaseActiveRecord->__get('room.room_numbe...')
#2 C:\Apache24\htdocs\new\vendor\yiisoft\yii2\helpers\BaseHtml.php(1319): yii\helpers\BaseHtml::getAttributeValue(Object(app\models\UserInvoiceSearch), 'room.room_numbe...')
#3 C:\Apache24\htdocs\new\vendor\yiisoft\yii2\helpers\BaseHtml.php(1373): yii\helpers\BaseHtml::activeInput('text', Object(app\models\UserInvoiceSearch), 'room.room_numbe...', Array)
#4 C:\Apache24\htdocs\new\vendor\yiisoft\yii2\widgets\ActiveField.php(404): yii\helpers\BaseHtml::activeTextInput(Object(app\models\UserInvoiceSearch), 'room.room_numbe...', Array)
#5 C:\Apache24\htdocs\new\vendor\yiisoft\yii2\widgets\ActiveField.php(204): yii\widgets\ActiveField->textInput()
#6 C:\Apache24\htdocs\new\vendor\yiisoft\yii2-bootstrap\src\ActiveField.php(187): yii\widgets\ActiveField->render(NULL)
#7 C:\Apache24\htdocs\new\vendor\yiisoft\yii2\widgets\ActiveField.php(176): yii\bootstrap\ActiveField->render()
#8 C:\Apache24\htdocs\new\backend\views\user-invoice\_search.php(41): yii\widgets\ActiveField->__toString()
#9 C:\Apache24\htdocs\new\vendor\yiisoft\yii2\base\View.php(336): require('C:\\Apache24\\htd...')
#10 C:\Apache24\htdocs\new\vendor\yiisoft\yii2\base\View.php(254): yii\base\View->renderPhpFile('C:\\Apache24\\htd...', Array)
#11 C:\Apache24\htdocs\new\vendor\yiisoft\yii2\base\View.php(156): yii\base\View->renderFile('C:\\Apache24\\htd...', Array, NULL)
#12 C:\Apache24\htdocs\new\backend\views\user-invoice\index.php(100): yii\base\View->render('_search', Array)
#13 C:\Apache24\htdocs\new\vendor\yiisoft\yii2\base\View.php(336): require('C:\\Apache24\\htd...')
#14 C:\Apache24\htdocs\new\vendor\yiisoft\yii2\base\View.php(254): yii\base\View->renderPhpFile('C:\\Apache24\\htd...', Array)
#15 C:\Apache24\htdocs\new\vendor\yiisoft\yii2\base\View.php(156): yii\base\View->renderFile('C:\\Apache24\\htd...', Array, Object(backend\controllers\UserInvoiceController))
#16 C:\Apache24\htdocs\new\vendor\yiisoft\yii2\base\Controller.php(384): yii\base\View->render('index', Array, Object(backend\controllers\UserInvoiceController))
#17 C:\Apache24\htdocs\new\backend\controllers\UserInvoiceController.php(54): yii\base\Controller->render('index', Array)
#18 [internal function]: backend\controllers\UserInvoiceController->actionIndex()
#19 C:\Apache24\htdocs\new\vendor\yiisoft\yii2\base\InlineAction.php(57): call_user_func_array(Array, Array)
#20 C:\Apache24\htdocs\new\vendor\yiisoft\yii2\base\Controller.php(157): yii\base\InlineAction->runWithParams(Array)
#21 C:\Apache24\htdocs\new\vendor\yiisoft\yii2\base\Module.php(528): yii\base\Controller->runAction('', Array)
#22 C:\Apache24\htdocs\new\vendor\yiisoft\yii2\web\Application.php(103): yii\base\Module->runAction('user-invoice/', Array)
#23 C:\Apache24\htdocs\new\vendor\yiisoft\yii2\base\Application.php(386): yii\web\Application->handleRequest(Object(yii\web\Request))
#24 C:\Apache24\htdocs\new\backend\web\index.php(17): yii\base\Application->run()
#25 {main} in C:\Apache24\htdocs\new\vendor\yiisoft\yii2\base\ErrorHandler.php:317
Stack trace:
#0 [internal function]: yii\base\ErrorHandler->handleError(256, 'Exception (Unkn...', 'C:\\Apache24\\htd...', 317, Array)
#1 C:\Apache24\htdocs\new\vendor\yiisoft\yii2\base\ErrorHandler.php(317): trigger_error('Exception (Unkn...', 256)
#2 C:\Apache24\htdocs\new\vendor\yiisoft\yii2\widgets\ActiveField.php(178): yii\base\ErrorHandler::convertExceptionToError(Object(yii\base\UnknownPropertyException))
#3 C:\Apache24\htdocs\new\backend\views\user-invoice\_search.php(41): yii\widgets\ActiveField->__toString()
#4 C:\Apache24\htdocs\new\vendor\yiisoft\yii2\base\View.php(336): require('C:\\Apache24\\htd...')
#5 C:\Apache24\htdocs\new\vendor\yiisoft\yii2\base\View.php(254): yii\base\View->renderPhpFile('C:\\Apache24\\htd...', '[<span class="s...')
#6 C:\Apache24\htdocs\new\vendor\yiisoft\yii2\base\View.php(156): yii\base\View->renderFile('C:\\Apache24\\htd...', Array, NULL)
#7 C:\Apache24\htdocs\new\backend\views\user-invoice\index.php(100): yii\base\View->render('_search', Array)
#8 C:\Apache24\htdocs\new\vendor\yiisoft\yii2\base\View.php(336): require('C:\\Apache24\\htd...')
#9 C:\Apache24\htdocs\new\vendor\yiisoft\yii2\base\View.php(254): yii\base\View->renderPhpFile('C:\\Apache24\\htd...', '[<span class="s...')
#10 C:\Apache24\htdocs\new\vendor\yiisoft\yii2\base\View.php(156): yii\base\View->renderFile('C:\\Apache24\\htd...', Array, Object(backend\controllers\UserInvoiceController))
#11 C:\Apache24\htdocs\new\vendor\yiisoft\yii2\base\Controller.php(384): yii\base\View->render('index', Array, Object(backend\controllers\UserInvoiceController))
#12 C:\Apache24\htdocs\new\backend\controllers\UserInvoiceController.php(54): yii\base\Controller->render('index', Array)
#13 [internal function]: backend\controllers\UserInvoiceController->actionIndex()
#14 C:\Apache24\htdocs\new\vendor\yiisoft\yii2\base\InlineAction.php(57): call_user_func_array(Array, Array)
#15 C:\Apache24\htdocs\new\vendor\yiisoft\yii2\base\Controller.php(157): yii\base\InlineAction->runWithParams(Array)
#16 C:\Apache24\htdocs\new\vendor\yiisoft\yii2\base\Module.php(528): yii\base\Controller->runAction('', Array)
#17 C:\Apache24\htdocs\new\vendor\yiisoft\yii2\web\Application.php(103): yii\base\Module->runAction('user-invoice/', Array)
#18 C:\Apache24\htdocs\new\vendor\yiisoft\yii2\base\Application.php(386): yii\web\Application->handleRequest(Object(yii\web\Request))
#19 C:\Apache24\htdocs\new\backend\web\index.php(17): yii\base\Application->run()
#20 {main}
    in C:\Apache24\htdocs\new\backend\views\user-invoice\_search.php:41
    in C:\Apache24\htdocs\new\backend\views\user-invoice\index.php:100
    in C:\Apache24\htdocs\new\backend\controllers\UserInvoiceController.php:54
2018-02-24 09:24:58 [127.0.0.1][64][nao1i0s69cl09c16j2vm27ikkj][info][application] $_GET = []

$_POST = []

$_FILES = []

$_COOKIE = [
    'advanced-backend' => 'nao1i0s69cl09c16j2vm27ikkj'
    '_identity-backend' => '8c803972db3bef3805f3e0cd4b455f633f5a4ff87de6b6f5a009d5c1be6b0c49a:2:{i:0;s:17:\"_identity-backend\";i:1;s:15:\"[\"64\",null,900]\";}'
    '_csrf-backend' => '8be11886124bec39efde46e4c7974de15f0f86cc983afc203e4fd8f772a713a3a:2:{i:0;s:13:\"_csrf-backend\";i:1;s:32:\"3cFRZUqDbDT40OmGL7UksGcIGOmj1THS\";}'
]

$_SESSION = [
    '__flash' => []
    '__id' => '64'
    'user' => common\models\User#1
    (
        [yii\db\BaseActiveRecord:_attributes] => [
            'id' => 64
            'company' => 0
            'community' => null
            'real_name' => ''
            'name' => 'admin'
            'role' => 1
            'phone' => 0
            'password' => '123456'
            'status' => 1
            'comment' => ''
            'salt' => '5478b9127088335dd7b14adcc80f28c4'
            'create_id' => 0
            'create_time' => '2016-05-21 00:00:00'
            'update_time' => '0000-00-00 00:00:00'
            'update_id' => null
            'new_pd' => 'e10adc3949ba59abbe56e057f20f883e'
            'authKey' => null
        ]
        [yii\db\BaseActiveRecord:_oldAttributes] => [
            'id' => 64
            'company' => 0
            'community' => null
            'real_name' => ''
            'name' => 'admin'
            'role' => 1
            'phone' => 0
            'password' => '123456'
            'status' => 1
            'comment' => ''
            'salt' => '5478b9127088335dd7b14adcc80f28c4'
            'create_id' => 0
            'create_time' => '2016-05-21 00:00:00'
            'update_time' => '0000-00-00 00:00:00'
            'update_id' => null
            'new_pd' => 'e10adc3949ba59abbe56e057f20f883e'
            'authKey' => null
        ]
        [yii\db\BaseActiveRecord:_related] => []
        [yii\db\BaseActiveRecord:_relationsDependencies] => []
        [yii\base\Model:_errors] => null
        [yii\base\Model:_validators] => null
        [yii\base\Model:_scenario] => 'default'
        [yii\base\Component:_events] => []
        [yii\base\Component:_eventWildcards] => []
        [yii\base\Component:_behaviors] => []
    )
]

$_SERVER = [
    'REDIRECT_PATH_INFO' => 'user-invoice/'
    'REDIRECT_STATUS' => '200'
    'HTTP_HOST' => 'www.wuye.com'
    'HTTP_CONNECTION' => 'keep-alive'
    'HTTP_CACHE_CONTROL' => 'max-age=0'
    'HTTP_UPGRADE_INSECURE_REQUESTS' => '1'
    'HTTP_USER_AGENT' => 'Mozilla/5.0 (Windows NT 10.0; WOW64) AppleWebKit/537.36 (KHTML, like Gecko) Chrome/64.0.3282.167 Safari/537.36'
    'HTTP_ACCEPT' => 'text/html,application/xhtml+xml,application/xml;q=0.9,image/webp,image/apng,*/*;q=0.8'
    'HTTP_REFERER' => 'http://www.wuye.com/user-invoice/add'
    'HTTP_ACCEPT_ENCODING' => 'gzip, deflate'
    'HTTP_ACCEPT_LANGUAGE' => 'zh-CN,zh;q=0.9'
    'HTTP_COOKIE' => 'advanced-backend=nao1i0s69cl09c16j2vm27ikkj; _identity-backend=8c803972db3bef3805f3e0cd4b455f633f5a4ff87de6b6f5a009d5c1be6b0c49a%3A2%3A%7Bi%3A0%3Bs%3A17%3A%22_identity-backend%22%3Bi%3A1%3Bs%3A15%3A%22%5B%2264%22%2Cnull%2C900%5D%22%3B%7D; _csrf-backend=8be11886124bec39efde46e4c7974de15f0f86cc983afc203e4fd8f772a713a3a%3A2%3A%7Bi%3A0%3Bs%3A13%3A%22_csrf-backend%22%3Bi%3A1%3Bs%3A32%3A%223cFRZUqDbDT40OmGL7UksGcIGOmj1THS%22%3B%7D'
    'PATH' => 'C:\\ProgramData\\Oracle\\Java\\javapath;C:\\Program Files (x86)\\Common Files\\Intel\\Shared Files\\cpp\\bin\\Intel64;C:\\Program Files\\Java\\jdk1.8.0_91\\bin;C:\\windows\\system32;C:\\windows;C:\\windows\\System32\\Wbem;C:\\windows\\System32\\WindowsPowerShell\\v1.0\\;C:\\Program Files (x86)\\Windows Kits\\10\\Windows Performance Toolkit\\;C:\\Program Files\\Java\\jdk1.8.0_91\\bin;C:\\Program Files\\Java\\jdk1.8.0_91\\jre\\bin;C:\\Program Files\\Java\\gradle-3.5/bin;C:\\Program Files\\Git\\cmd;C:\\php;C:\\ProgramData\\ComposerSetup\\bin;C:\\Program Files\\MySQL\\MySQL Utilities 1.6\\;C:\\Apache24\\bin;C:\\Program Files (x86)\\QuickTime\\QTSystem\\;C:\\windows\\system32\\config\\systemprofile\\AppData\\Local\\Microsoft\\WindowsApps'
    'SystemRoot' => 'C:\\windows'
    'COMSPEC' => 'C:\\windows\\system32\\cmd.exe'
    'PATHEXT' => '.COM;.EXE;.BAT;.CMD;.VBS;.VBE;.JS;.JSE;.WSF;.WSH;.MSC;.PY'
    'WINDIR' => 'C:\\windows'
    'SERVER_SIGNATURE' => ''
    'SERVER_SOFTWARE' => 'Apache/2.4.29 (Win64) PHP/7.1.4'
    'SERVER_NAME' => 'www.wuye.com'
    'SERVER_ADDR' => '127.0.0.1'
    'SERVER_PORT' => '80'
    'REMOTE_ADDR' => '127.0.0.1'
    'DOCUMENT_ROOT' => 'C:/Apache24/htdocs/new/backend/web'
    'REQUEST_SCHEME' => 'http'
    'CONTEXT_PREFIX' => ''
    'CONTEXT_DOCUMENT_ROOT' => 'C:/Apache24/htdocs/new/backend/web'
    'SERVER_ADMIN' => '8052935015@qq.com'
    'SCRIPT_FILENAME' => 'C:/Apache24/htdocs/new/backend/web/index.php'
    'REMOTE_PORT' => '60986'
    'REDIRECT_URL' => '/user-invoice/'
    'GATEWAY_INTERFACE' => 'CGI/1.1'
    'SERVER_PROTOCOL' => 'HTTP/1.1'
    'REQUEST_METHOD' => 'GET'
    'QUERY_STRING' => ''
    'REQUEST_URI' => '/user-invoice/'
    'SCRIPT_NAME' => '/index.php'
    'PHP_SELF' => '/index.php'
    'REQUEST_TIME_FLOAT' => 1519435498.299
    'REQUEST_TIME' => 1519435498
]
